<?xml version="1.0" encoding="UTF-8"?>
<!-- Generated by org.testng.reporters.JUnitXMLReporter -->
<testsuite ignored="0" hostname="Aaradana" failures="0" tests="3" name="Default test" time="14.674" errors="0" timestamp="2022-05-12T10:21:52 EDT">
  <testcase classname="seleniumWithTestNG.ParallelTesting" name="openBing" time="4.152"/>
  <testcase classname="seleniumWithTestNG.ParallelTesting" name="openGoogle" time="3.739"/>
  <testcase classname="seleniumWithTestNG.ParallelTesting" name="openYahoo" time="6.746"/>
</testsuite> <!-- Default test -->
