<?xml version="1.0" encoding="UTF-8"?>
<testng-results ignored="0" total="3" passed="3" failed="0" skipped="0">
  <reporter-output>
  </reporter-output>
  <suite started-at="2022-05-12T10:36:13 EDT" name="Test Suite" finished-at="2022-05-12T10:36:21 EDT" duration-ms="7923">
    <groups>
    </groups>
    <test started-at="2022-05-12T10:36:13 EDT" name="Parallel Test" finished-at="2022-05-12T10:36:21 EDT" duration-ms="7923">
      <class name="seleniumWithTestNG.ParallelTesting">
        <test-method signature="openGoogle()[pri:0, instance:seleniumWithTestNG.ParallelTesting@67c33749]" started-at="2022-05-12T10:36:13 EDT" name="openGoogle" finished-at="2022-05-12T10:36:19 EDT" duration-ms="5219" status="PASS">
          <reporter-output>
          </reporter-output>
        </test-method> <!-- openGoogle -->
        <test-method signature="openYahoo()[pri:0, instance:seleniumWithTestNG.ParallelTesting@67c33749]" started-at="2022-05-12T10:36:13 EDT" name="openYahoo" finished-at="2022-05-12T10:36:21 EDT" duration-ms="7886" status="PASS">
          <reporter-output>
          </reporter-output>
        </test-method> <!-- openYahoo -->
        <test-method signature="openBing()[pri:0, instance:seleniumWithTestNG.ParallelTesting@67c33749]" started-at="2022-05-12T10:36:13 EDT" name="openBing" finished-at="2022-05-12T10:36:16 EDT" duration-ms="2578" status="PASS">
          <reporter-output>
          </reporter-output>
        </test-method> <!-- openBing -->
      </class> <!-- seleniumWithTestNG.ParallelTesting -->
    </test> <!-- Parallel Test -->
  </suite> <!-- Test Suite -->
</testng-results>
