<?xml version="1.0" encoding="UTF-8"?>
<testng-results ignored="0" total="2" passed="2" failed="0" skipped="0">
  <reporter-output>
  </reporter-output>
  <suite started-at="2022-03-19T18:33:32 EDT" name="Default suite" finished-at="2022-03-19T18:33:32 EDT" duration-ms="41">
    <groups>
    </groups>
    <test started-at="2022-03-19T18:33:32 EDT" name="Default test" finished-at="2022-03-19T18:33:32 EDT" duration-ms="41">
      <class name="interviewQuestions.DependsOnFails">
        <test-method signature="parentsPermission()[pri:0, instance:interviewQuestions.DependsOnFails@581ac8a8]" started-at="2022-03-19T18:33:32 EDT" name="parentsPermission" finished-at="2022-03-19T18:33:32 EDT" duration-ms="6" status="PASS">
          <reporter-output>
          </reporter-output>
        </test-method> <!-- parentsPermission -->
        <test-method signature="loveMarriage()[pri:0, instance:interviewQuestions.DependsOnFails@581ac8a8]" started-at="2022-03-19T18:33:32 EDT" name="loveMarriage" finished-at="2022-03-19T18:33:32 EDT" depends-on-methods="interviewQuestions.DependsOnFails.parentsPermission" duration-ms="1" status="PASS">
          <reporter-output>
          </reporter-output>
        </test-method> <!-- loveMarriage -->
      </class> <!-- interviewQuestions.DependsOnFails -->
    </test> <!-- Default test -->
  </suite> <!-- Default suite -->
</testng-results>
